f:\repository\asteroids\windowshape\x64\debug\vc142.pdb
f:\repository\asteroids\windowshape\x64\debug\vc142.idb
f:\repository\asteroids\windowshape\x64\debug\worldmanager.obj
f:\repository\asteroids\windowshape\x64\debug\window.obj
f:\repository\asteroids\windowshape\x64\debug\player.obj
f:\repository\asteroids\windowshape\x64\debug\main.obj
f:\repository\asteroids\windowshape\x64\debug\gameobject.obj
f:\repository\asteroids\windowshape\x64\debug\gamemanager.obj
f:\repository\asteroids\windowshape\x64\debug\eventmanager.obj
f:\repository\asteroids\windowshape\x64\debug\bullet.obj
f:\repository\asteroids\windowshape\x64\debug\ball.obj
f:\repository\asteroids\windowshape\x64\debug\asteroid.obj
f:\repository\asteroids\windowshape\x64\debug\assetmanager.obj
f:\repository\asteroids\windowshape\x64\debug\animation.obj
f:\repository\asteroids\windowshape\x64\debug\collisionmanager.obj
f:\repository\asteroids\x64\debug\asteroids.exe
f:\repository\asteroids\x64\debug\asteroids.ilk
f:\repository\asteroids\x64\debug\asteroids.pdb
f:\repository\asteroids\windowshape\x64\debug\assetmanager.obj.enc
f:\repository\asteroids\windowshape\x64\debug\gamemanager.obj.enc
f:\repository\asteroids\windowshape\x64\debug\asteroids.tlog\cl.command.1.tlog
f:\repository\asteroids\windowshape\x64\debug\asteroids.tlog\cl.read.1.tlog
f:\repository\asteroids\windowshape\x64\debug\asteroids.tlog\cl.write.1.tlog
f:\repository\asteroids\windowshape\x64\debug\asteroids.tlog\link.command.1.tlog
f:\repository\asteroids\windowshape\x64\debug\asteroids.tlog\link.read.1.tlog
f:\repository\asteroids\windowshape\x64\debug\asteroids.tlog\link.write.1.tlog
