c:\users\albert\source\repos\graph\windowshape\x64\debug\vc142.pdb
c:\users\albert\source\repos\graph\windowshape\x64\debug\vc142.idb
c:\users\albert\source\repos\graph\windowshape\x64\debug\main.obj
c:\users\albert\source\repos\graph\windowshape\x64\debug\ball.obj
c:\users\albert\source\repos\graph\windowshape\x64\debug\window.obj
c:\users\albert\source\repos\graph\windowshape\x64\debug\worldmanager.obj
c:\users\albert\source\repos\graph\windowshape\x64\debug\player.obj
c:\users\albert\source\repos\graph\windowshape\x64\debug\gameobject.obj
c:\users\albert\source\repos\graph\windowshape\x64\debug\bullet.obj
c:\users\albert\source\repos\graph\windowshape\x64\debug\asteroid.obj
c:\users\albert\source\repos\graph\windowshape\x64\debug\animation.obj
c:\users\albert\source\repos\graph\windowshape\x64\debug\gamemanager.obj
c:\users\albert\source\repos\graph\x64\debug\windowshape.exe
c:\users\albert\source\repos\graph\x64\debug\windowshape.ilk
c:\users\albert\source\repos\graph\x64\debug\windowshape.pdb
c:\users\albert\source\repos\graph\windowshape\x64\debug\windowshape.tlog\cl.command.1.tlog
c:\users\albert\source\repos\graph\windowshape\x64\debug\windowshape.tlog\cl.read.1.tlog
c:\users\albert\source\repos\graph\windowshape\x64\debug\windowshape.tlog\cl.write.1.tlog
c:\users\albert\source\repos\graph\windowshape\x64\debug\windowshape.tlog\link.command.1.tlog
c:\users\albert\source\repos\graph\windowshape\x64\debug\windowshape.tlog\link.read.1.tlog
c:\users\albert\source\repos\graph\windowshape\x64\debug\windowshape.tlog\link.write.1.tlog
